<?xml version="1.0" encoding="UTF-8"?>
<testng-results ignored="0" total="1" passed="1" failed="0" skipped="0">
  <reporter-output>
  </reporter-output>
  <suite started-at="2018-08-03T07:13:10Z" name="Suite" finished-at="2018-08-03T07:13:13Z" duration-ms="2895">
    <groups>
    </groups>
    <test started-at="2018-08-03T07:13:10Z" name="Unicorn-Transcriber" finished-at="2018-08-03T07:13:13Z" duration-ms="2895">
      <class name="unicorn_TestCases.TC_Dashborad">
        <test-method is-config="true" signature="baseConfigurationEnviornmentSetup()[pri:0, instance:unicorn_TestCases.TC_Dashborad@5ab9e72c]" started-at="2018-08-03T07:13:10Z" name="baseConfigurationEnviornmentSetup" finished-at="2018-08-03T07:13:13Z" duration-ms="2617" status="PASS">
          <reporter-output>
          </reporter-output>
        </test-method> <!-- baseConfigurationEnviornmentSetup -->
        <test-method signature="loginTestcase()[pri:0, instance:unicorn_TestCases.TC_Dashborad@5ab9e72c]" started-at="2018-08-03T07:13:13Z" name="loginTestcase" finished-at="2018-08-03T07:13:13Z" duration-ms="264" status="PASS">
          <reporter-output>
          </reporter-output>
        </test-method> <!-- loginTestcase -->
      </class> <!-- unicorn_TestCases.TC_Dashborad -->
    </test> <!-- Unicorn-Transcriber -->
  </suite> <!-- Suite -->
</testng-results>
